# JRE version: OpenJDK Runtime Environment (11.0.11+9) (build 11.0.11+9-b60-7590822)
# Java VM: OpenJDK 64-Bit Server VM (11.0.11+9-b60-7590822, mixed mode, tiered, compressed oops, g1 gc, windows-amd64)
Heap:
 garbage-first heap   total 262144K, used 10432K [0x0000000701e00000, 0x0000000800000000)
  region size 1024K, 4 young (4096K), 4 survivors (4096K)
 Metaspace       used 15078K, capacity 15365K, committed 15488K, reserved 1071104K
  class space    used 1722K, capacity 1852K, committed 1920K, reserved 1048576K
GC Heap History (6 events):
Event: 1.836 GC heap before
{Heap before GC invocations=0 (full 0):
 garbage-first heap   total 262144K, used 16384K [0x0000000701e00000, 0x0000000800000000)
  region size 1024K, 14 young (14336K), 0 survivors (0K)
 Metaspace       used 7943K, capacity 8113K, committed 8320K, reserved 1056768K
  class space    used 712K, capacity 786K, committed 896K, reserved 1048576K
}
Event: 1.865 GC heap after
{Heap after GC invocations=1 (full 0):
 garbage-first heap   total 262144K, used 3668K [0x0000000701e00000, 0x0000000800000000)
  region size 1024K, 2 young (2048K), 2 survivors (2048K)
 Metaspace       used 7943K, capacity 8113K, committed 8320K, reserved 1056768K
  class space    used 712K, capacity 786K, committed 896K, reserved 1048576K
}
Event: 2.488 GC heap before
{Heap before GC invocations=1 (full 0):
 garbage-first heap   total 262144K, used 16980K [0x0000000701e00000, 0x0000000800000000)
  region size 1024K, 12 young (12288K), 2 survivors (2048K)
 Metaspace       used 10488K, capacity 10661K, committed 11008K, reserved 1058816K
  class space    used 1095K, capacity 1172K, committed 1280K, reserved 1048576K
}
Event: 2.492 GC heap after
{Heap after GC invocations=2 (full 0):
 garbage-first heap   total 262144K, used 9379K [0x0000000701e00000, 0x0000000800000000)
  region size 1024K, 2 young (2048K), 2 survivors (2048K)
 Metaspace       used 10488K, capacity 10661K, committed 11008K, reserved 1058816K
  class space    used 1095K, capacity 1172K, committed 1280K, reserved 1048576K
}
Event: 9.443 GC heap before
{Heap before GC invocations=2 (full 0):
 garbage-first heap   total 262144K, used 29859K [0x0000000701e00000, 0x0000000800000000)
  region size 1024K, 24 young (24576K), 2 survivors (2048K)
 Metaspace       used 15078K, capacity 15365K, committed 15488K, reserved 1069056K
  class space    used 1722K, capacity 1852K, committed 1920K, reserved 1048576K
}
Event: 9.450 GC heap after
{Heap after GC invocations=3 (full 0):
 garbage-first heap   total 262144K, used 10432K [0x0000000701e00000, 0x0000000800000000)
  region size 1024K, 4 young (4096K), 4 survivors (4096K)
 Metaspace       used 15078K, capacity 15365K, committed 15488K, reserved 1069056K
  class space    used 1722K, capacity 1852K, committed 1920K, reserved 1048576K
}

